<?xml version="1.0" encoding="UTF-8"?>
<testng-results skipped="0" failed="0" total="2" passed="2">
  <reporter-output>
  </reporter-output>
  <suite name="Default suite" duration-ms="10967" started-at="2015-04-20T07:30:00Z" finished-at="2015-04-20T07:30:11Z">
    <groups>
    </groups>
    <test name="Default test" duration-ms="10967" started-at="2015-04-20T07:30:00Z" finished-at="2015-04-20T07:30:11Z">
      <class name="com.example.tests.TestBase">
        <test-method status="PASS" signature="setUp()[pri:0, instance:com.example.tests.TestBase@387c703b]" name="setUp" is-config="true" duration-ms="5887" started-at="2015-04-20T12:30:00Z" finished-at="2015-04-20T12:30:06Z">
          <reporter-output>
          </reporter-output>
        </test-method> <!-- setUp -->
        <test-method status="PASS" signature="tearDown()[pri:0, instance:com.example.tests.TestBase@387c703b]" name="tearDown" is-config="true" duration-ms="135" started-at="2015-04-20T12:30:11Z" finished-at="2015-04-20T12:30:11Z">
          <reporter-output>
          </reporter-output>
        </test-method> <!-- tearDown -->
      </class> <!-- com.example.tests.TestBase -->
      <class name="com.example.tests.GroupCreationTests">
        <test-method status="PASS" signature="testEmptyGroupCreation()[pri:0, instance:com.example.tests.GroupCreationTests@5f150435]" name="testEmptyGroupCreation" duration-ms="2290" started-at="2015-04-20T12:30:06Z" finished-at="2015-04-20T12:30:09Z">
          <reporter-output>
          </reporter-output>
        </test-method> <!-- testEmptyGroupCreation -->
        <test-method status="PASS" signature="testNonEmptyGroupCreation()[pri:0, instance:com.example.tests.GroupCreationTests@5f150435]" name="testNonEmptyGroupCreation" duration-ms="2645" started-at="2015-04-20T12:30:09Z" finished-at="2015-04-20T12:30:11Z">
          <reporter-output>
          </reporter-output>
        </test-method> <!-- testNonEmptyGroupCreation -->
      </class> <!-- com.example.tests.GroupCreationTests -->
    </test> <!-- Default test -->
  </suite> <!-- Default suite -->
</testng-results>
