<?xml version="1.0" encoding="UTF-8"?>
<!-- Generated by org.testng.reporters.JUnitXMLReporter -->
<testsuite hostname="719-5" name="Default test" tests="4" failures="0" timestamp="20 Apr 2015 11:42:28 GMT" time="18.892" errors="0">
  <testcase name="testEmptyContactCreation" time="4.268" classname="com.example.tests.AddContactTests"/>
  <testcase name="testNonEmptyContactCreation" time="4.854" classname="com.example.tests.AddContactTests"/>
  <testcase name="testEmptyGroupCreation" time="1.912" classname="com.example.tests.GroupCreationTests"/>
  <testcase name="testNonEmptyGroupCreation" time="1.985" classname="com.example.tests.GroupCreationTests"/>
</testsuite> <!-- Default test -->
